2021-08-22 20:34:00,553 - INFO - LogisticRegressionTab - Submit clicked
2021-08-22 20:34:01,738 - INFO - LogisticRegressionTab - Submit clicked
2021-08-22 20:34:01,872 - INFO - LogisticRegressionTab - Submit clicked
2021-08-22 20:34:02,195 - INFO - LogisticRegressionTab - Submit clicked
2021-08-22 20:34:03,654 - INFO - LogisticRegressionTab - Make field changed to Acura
2021-08-22 20:34:03,655 - INFO - LogisticRegressionTab - Model field changed to nothing
2021-08-22 20:34:03,655 - INFO - LogisticRegressionTab - Fuel type field changed to 
2021-08-22 20:34:03,656 - INFO - LogisticRegressionTab - Fuel type field changed to 
2021-08-22 20:34:03,656 - INFO - LogisticRegressionTab - Type field changed to 
2021-08-22 20:34:03,656 - INFO - LogisticRegressionTab - Type field changed to 
2021-08-22 20:34:04,549 - INFO - LogisticRegressionTab - Submit clicked
2021-08-22 20:34:05,204 - INFO - LogisticRegressionTab - Submit clicked
2021-08-22 20:34:05,338 - INFO - LogisticRegressionTab - Submit clicked
2021-08-22 20:34:05,569 - INFO - LogisticRegressionTab - Submit clicked
2021-08-22 20:34:05,825 - INFO - LogisticRegressionTab - Submit clicked
2021-08-22 20:34:05,949 - INFO - LogisticRegressionTab - Submit clicked
2021-08-22 20:34:06,068 - INFO - LogisticRegressionTab - Submit clicked
2021-08-22 20:34:06,182 - INFO - LogisticRegressionTab - Submit clicked
2021-08-22 20:34:06,289 - INFO - LogisticRegressionTab - Submit clicked
2021-08-22 20:34:06,410 - INFO - LogisticRegressionTab - Submit clicked
2021-08-22 20:34:06,523 - INFO - LogisticRegressionTab - Submit clicked
2021-08-22 20:34:06,643 - INFO - LogisticRegressionTab - Submit clicked
2021-08-22 20:34:06,761 - INFO - LogisticRegressionTab - Submit clicked
2021-08-22 20:34:06,873 - INFO - LogisticRegressionTab - Submit clicked
